<?xml version="1.0" encoding="UTF-8"?>
<!-- Generated by org.testng.reporters.JUnitXMLReporter -->
<testsuite ignored="3" hostname="Vivek-Sharma-2000" failures="0" tests="1" name="Default test" time="21.327" errors="0" timestamp="2022-11-15T21:58:31 IST">
  <testcase classname="com.excelr.testcases.LoginPageTest" name="ValidateLoginPageTest" time="3.125"/>
  <testcase classname="com.excelr.testcases.LoginPageTest" name="forgotPasswordTest" time="0.0">
    <ignored/>
  </testcase> <!-- forgotPasswordTest -->
  <testcase classname="com.excelr.testcases.LoginPageTest" name="ValidateTitleTest" time="0.0">
    <ignored/>
  </testcase> <!-- ValidateTitleTest -->
  <testcase classname="com.excelr.testcases.LoginPageTest" name="ValidateLogoTest" time="0.0">
    <ignored/>
  </testcase> <!-- ValidateLogoTest -->
</testsuite> <!-- Default test -->
