<?xml version="1.0" encoding="UTF-8"?>
<!-- Generated by org.testng.reporters.JUnitXMLReporter -->
<testsuite ignored="0" hostname="Vivek-Sharma-2000" failures="0" tests="4" name="Test" time="209.918" errors="0" timestamp="2022-11-17T20:15:00 IST">
  <testcase classname="com.excelr.testcases.LoginPageTest" name="ValidateLoginPageTest" time="5.805"/>
  <testcase classname="com.excelr.testcases.LoginPageTest" name="ValidateLogoTest" time="0.775"/>
  <testcase classname="com.excelr.testcases.LoginPageTest" name="ValidateTitleTest" time="0.029"/>
  <testcase classname="com.excelr.testcases.LoginPageTest" name="forgotPasswordTest" time="4.946"/>
</testsuite> <!-- Test -->
