<?xml version="1.0" encoding="UTF-8"?>
<testng-results ignored="0" total="4" passed="4" failed="0" skipped="0">
  <reporter-output>
  </reporter-output>
  <suite started-at="2022-11-17T20:11:30 IST" name="Suite" finished-at="2022-11-17T20:15:00 IST" duration-ms="209918">
    <groups>
    </groups>
    <test started-at="2022-11-17T20:11:30 IST" name="Test" finished-at="2022-11-17T20:15:00 IST" duration-ms="209918">
      <class name="com.excelr.testcases.LoginPageTest">
        <test-method is-config="true" signature="BrowserCongifTest()[pri:0, instance:com.excelr.testcases.LoginPageTest@7fa98a66]" started-at="2022-11-17T20:11:30 IST" name="BrowserCongifTest" finished-at="2022-11-17T20:12:23 IST" duration-ms="52610" status="PASS">
          <reporter-output>
          </reporter-output>
        </test-method> <!-- BrowserCongifTest -->
        <test-method signature="ValidateLoginPageTest()[pri:0, instance:com.excelr.testcases.LoginPageTest@7fa98a66]" started-at="2022-11-17T20:12:23 IST" name="ValidateLoginPageTest" finished-at="2022-11-17T20:12:29 IST" duration-ms="5805" status="PASS">
          <reporter-output>
          </reporter-output>
        </test-method> <!-- ValidateLoginPageTest -->
        <test-method is-config="true" signature="BrowserCloseTest()[pri:0, instance:com.excelr.testcases.LoginPageTest@7fa98a66]" started-at="2022-11-17T20:12:29 IST" name="BrowserCloseTest" finished-at="2022-11-17T20:12:33 IST" duration-ms="4252" status="PASS">
          <reporter-output>
          </reporter-output>
        </test-method> <!-- BrowserCloseTest -->
        <test-method is-config="true" signature="BrowserCongifTest()[pri:0, instance:com.excelr.testcases.LoginPageTest@7fa98a66]" started-at="2022-11-17T20:12:33 IST" name="BrowserCongifTest" finished-at="2022-11-17T20:12:59 IST" duration-ms="26033" status="PASS">
          <reporter-output>
          </reporter-output>
        </test-method> <!-- BrowserCongifTest -->
        <test-method signature="ValidateLogoTest()[pri:0, instance:com.excelr.testcases.LoginPageTest@7fa98a66]" started-at="2022-11-17T20:12:59 IST" name="ValidateLogoTest" finished-at="2022-11-17T20:13:00 IST" duration-ms="775" status="PASS">
          <reporter-output>
          </reporter-output>
        </test-method> <!-- ValidateLogoTest -->
        <test-method is-config="true" signature="BrowserCloseTest()[pri:0, instance:com.excelr.testcases.LoginPageTest@7fa98a66]" started-at="2022-11-17T20:13:00 IST" name="BrowserCloseTest" finished-at="2022-11-17T20:13:02 IST" duration-ms="2141" status="PASS">
          <reporter-output>
          </reporter-output>
        </test-method> <!-- BrowserCloseTest -->
        <test-method is-config="true" signature="BrowserCongifTest()[pri:0, instance:com.excelr.testcases.LoginPageTest@7fa98a66]" started-at="2022-11-17T20:13:02 IST" name="BrowserCongifTest" finished-at="2022-11-17T20:14:18 IST" duration-ms="76326" status="PASS">
          <reporter-output>
          </reporter-output>
        </test-method> <!-- BrowserCongifTest -->
        <test-method signature="ValidateTitleTest()[pri:0, instance:com.excelr.testcases.LoginPageTest@7fa98a66]" started-at="2022-11-17T20:14:18 IST" name="ValidateTitleTest" finished-at="2022-11-17T20:14:18 IST" duration-ms="29" status="PASS">
          <reporter-output>
          </reporter-output>
        </test-method> <!-- ValidateTitleTest -->
        <test-method is-config="true" signature="BrowserCloseTest()[pri:0, instance:com.excelr.testcases.LoginPageTest@7fa98a66]" started-at="2022-11-17T20:14:18 IST" name="BrowserCloseTest" finished-at="2022-11-17T20:14:21 IST" duration-ms="2569" status="PASS">
          <reporter-output>
          </reporter-output>
        </test-method> <!-- BrowserCloseTest -->
        <test-method is-config="true" signature="BrowserCongifTest()[pri:0, instance:com.excelr.testcases.LoginPageTest@7fa98a66]" started-at="2022-11-17T20:14:21 IST" name="BrowserCongifTest" finished-at="2022-11-17T20:14:52 IST" duration-ms="30993" status="PASS">
          <reporter-output>
          </reporter-output>
        </test-method> <!-- BrowserCongifTest -->
        <test-method signature="forgotPasswordTest()[pri:0, instance:com.excelr.testcases.LoginPageTest@7fa98a66]" started-at="2022-11-17T20:14:52 IST" name="forgotPasswordTest" finished-at="2022-11-17T20:14:57 IST" duration-ms="4946" status="PASS">
          <reporter-output>
          </reporter-output>
        </test-method> <!-- forgotPasswordTest -->
        <test-method is-config="true" signature="BrowserCloseTest()[pri:0, instance:com.excelr.testcases.LoginPageTest@7fa98a66]" started-at="2022-11-17T20:14:57 IST" name="BrowserCloseTest" finished-at="2022-11-17T20:15:00 IST" duration-ms="3336" status="PASS">
          <reporter-output>
          </reporter-output>
        </test-method> <!-- BrowserCloseTest -->
      </class> <!-- com.excelr.testcases.LoginPageTest -->
    </test> <!-- Test -->
  </suite> <!-- Suite -->
</testng-results>
